2024-09-19T14:37:25.109-04:00  INFO 23676 --- [restartedMain] o.e.l.LearnSpringBootApplication         : Starting LearnSpringBootApplication using Java 21.0.4 with PID 23676 (C:\learn-spring-boot\JavaSpringBootAssignment\target\classes started by A284449 in C:\learn-spring-boot\JavaSpringBootAssignment)
2024-09-19T14:37:25.111-04:00  INFO 23676 --- [restartedMain] o.e.l.LearnSpringBootApplication         : No active profile set, falling back to 1 default profile: "default"
2024-09-19T14:37:25.154-04:00  INFO 23676 --- [restartedMain] .e.DevToolsPropertyDefaultsPostProcessor : Devtools property defaults active! Set 'spring.devtools.add-properties' to 'false' to disable
2024-09-19T14:37:25.155-04:00  INFO 23676 --- [restartedMain] .e.DevToolsPropertyDefaultsPostProcessor : For additional web related logging consider setting the 'logging.level.web' property to 'DEBUG'
2024-09-19T14:37:26.104-04:00  INFO 23676 --- [restartedMain] .s.d.r.c.RepositoryConfigurationDelegate : Bootstrapping Spring Data JPA repositories in DEFAULT mode.
2024-09-19T14:37:26.160-04:00  INFO 23676 --- [restartedMain] .s.d.r.c.RepositoryConfigurationDelegate : Finished Spring Data repository scanning in 49 ms. Found 3 JPA repository interfaces.
2024-09-19T14:37:26.989-04:00  INFO 23676 --- [restartedMain] o.s.b.w.embedded.tomcat.TomcatWebServer  : Tomcat initialized with port 8080 (http)
2024-09-19T14:37:27.003-04:00  INFO 23676 --- [restartedMain] o.apache.catalina.core.StandardService   : Starting service [Tomcat]
2024-09-19T14:37:27.004-04:00  INFO 23676 --- [restartedMain] o.apache.catalina.core.StandardEngine    : Starting Servlet engine: [Apache Tomcat/10.1.28]
2024-09-19T14:37:27.066-04:00  INFO 23676 --- [restartedMain] o.a.c.c.C.[Tomcat].[localhost].[/]       : Initializing Spring embedded WebApplicationContext
2024-09-19T14:37:27.067-04:00  INFO 23676 --- [restartedMain] w.s.c.ServletWebServerApplicationContext : Root WebApplicationContext: initialization completed in 1910 ms
2024-09-19T14:37:27.690-04:00  INFO 23676 --- [restartedMain] o.s.o.j.p.SpringPersistenceUnitInfo      : No LoadTimeWeaver setup: ignoring JPA class transformer
2024-09-19T14:37:27.706-04:00  INFO 23676 --- [restartedMain] com.zaxxer.hikari.HikariDataSource       : HikariPool-1 - Starting...
2024-09-19T14:37:27.902-04:00  INFO 23676 --- [restartedMain] com.zaxxer.hikari.pool.HikariPool        : HikariPool-1 - Added connection org.postgresql.jdbc.PgConnection@628aa3c6
2024-09-19T14:37:27.903-04:00  INFO 23676 --- [restartedMain] com.zaxxer.hikari.HikariDataSource       : HikariPool-1 - Start completed.
2024-09-19T14:37:28.631-04:00  INFO 23676 --- [restartedMain] j.LocalContainerEntityManagerFactoryBean : Initialized JPA EntityManagerFactory for persistence unit 'default'
2024-09-19T14:37:28.916-04:00  INFO 23676 --- [restartedMain] o.s.d.j.r.query.QueryEnhancerFactory     : Hibernate is in classpath; If applicable, HQL parser will be used.
2024-09-19T14:37:29.580-04:00  WARN 23676 --- [restartedMain] JpaBaseConfiguration$JpaWebConfiguration : spring.jpa.open-in-view is enabled by default. Therefore, database queries may be performed during view rendering. Explicitly configure spring.jpa.open-in-view to disable this warning
2024-09-19T14:37:30.409-04:00  INFO 23676 --- [restartedMain] o.s.b.d.a.OptionalLiveReloadServer       : LiveReload server is running on port 35729
2024-09-19T14:37:30.419-04:00  INFO 23676 --- [restartedMain] o.s.b.a.e.web.EndpointLinksResolver      : Exposing 15 endpoints beneath base path '/actuator'
2024-09-19T14:37:30.490-04:00  INFO 23676 --- [restartedMain] o.s.b.w.embedded.tomcat.TomcatWebServer  : Tomcat started on port 8080 (http) with context path '/'
2024-09-19T14:37:30.503-04:00  INFO 23676 --- [restartedMain] o.e.l.LearnSpringBootApplication         : Started LearnSpringBootApplication in 5.763 seconds (process running for 6.227)
2024-09-19T14:38:00.719-04:00  INFO 23676 --- [http-nio-8080-exec-2] o.a.c.c.C.[Tomcat].[localhost].[/]       : Initializing Spring DispatcherServlet 'dispatcherServlet'
2024-09-19T14:38:00.720-04:00  INFO 23676 --- [http-nio-8080-exec-2] o.s.web.servlet.DispatcherServlet        : Initializing Servlet 'dispatcherServlet'
2024-09-19T14:38:00.721-04:00  INFO 23676 --- [http-nio-8080-exec-2] o.s.web.servlet.DispatcherServlet        : Completed initialization in 1 ms
2024-09-19T14:38:11.381-04:00  WARN 23676 --- [http-nio-8080-exec-3] .m.m.a.ExceptionHandlerExceptionResolver : Resolved [org.springframework.web.bind.MethodArgumentNotValidException: Validation failed for argument [0] in public org.springframework.http.ResponseEntity<?> org.easyspring.learn_spring_boot.controllers.EmployeeController.registerEmployee(org.easyspring.learn_spring_boot.domain.Employee) with 2 errors: [Field error in object 'employee' on field 'employeeEmail': rejected value [corp.com]; codes [Email.employee.employeeEmail,Email.employeeEmail,Email.java.lang.String,Email]; arguments [org.springframework.context.support.DefaultMessageSourceResolvable: codes [employee.employeeEmail,employeeEmail]; arguments []; default message [employeeEmail],[Ljakarta.validation.constraints.Pattern$Flag;@6ec8c271,.*]; default message [must be a well-formed email address]] [Field error in object 'employee' on field 'employeeName': rejected value [j]; codes [Size.employee.employeeName,Size.employeeName,Size.java.lang.String,Size]; arguments [org.springframework.context.support.DefaultMessageSourceResolvable: codes [employee.employeeName,employeeName]; arguments []; default message [employeeName],30,2]; default message [Name must be minimum 2 characters, and maximum 30 characters long]] ]
2024-09-19T14:38:24.421-04:00  INFO 23676 --- [http-nio-8080-exec-2] o.springdoc.api.AbstractOpenApiResource  : Init duration for springdoc-openapi is: 555 ms
